[2026-04-23T07:47:43Z] === ENRICH ITERATION 17 START | repo=apple/servicetalk sha=0d10ab15 ===
[2026-04-23T07:47:43Z] [iter=17] PHASE START: enrich repo=apple/servicetalk sha=0d10ab15 runlog=/home/runner/work/forx/forx/storage/aggregate/lsp/logs/0d10ab15-enrich-iter-017.log output=/home/runner/work/forx/forx/storage/aggregate/lsp/0d10ab15e5401f900f1af4c27e620827b4a426c0.nq.gz
[2026-04-23T07:47:43Z] [iter=17] Step 1: Loading AST into disk-backed store mem_mb=76 MB
[2026-04-23T07:50:11Z] [iter=17] AST store loaded triples=12619635 load_secs=143 mem_mb=1255 MB
[2026-04-23T07:50:11Z] [iter=17] Step 2: Finding LSP targets mem_mb=1255 MB
[2026-04-23T07:51:12Z] [iter=17] LSP targets found call_sites=115660 imports=17271 extends=572 implements=0 secs=61
[2026-04-23T07:51:24Z] [iter=17] Loaded checkpoint partial graph triples=261916
[2026-04-23T07:52:19Z] [iter=17] Step 2.7: Building position index (one-shot, shared across resolvers) mem_mb=1255 MB
[2026-04-23T07:53:47Z] [iter=17] Position index built positions=855277 nodes_with_types=1073943 secs=87 mem_mb=2791 MB
[2026-04-23T07:53:47Z] [iter=17] Step 3: Starting LSP resolution mem_mb=2791 MB already_completed_types=[] already_completed_files=202
[2026-04-23T07:53:47Z] [iter=17] Resolving target type target_type=call_site count=115660
[2026-04-23T07:53:55Z] [iter=17] HEARTBEAT target_type=call_site elapsed_min=6.2 files_done=0 resolved=0 errors=0 current=servicetalk-redis-api/src/main/java/io/servicetalk/redis/api/TransactedBufferRedisCommanderToBlockingTransactedBufferRedisCommander.java
[2026-04-23T08:26:50Z] [iter=17] HEARTBEAT target_type=call_site elapsed_min=39.1 files_done=1 resolved=0 errors=381 current=servicetalk-concurrent-api-internal/src/test/java/io/servicetalk/concurrent/api/single/PublishAndSubscribeOnTest.java
[2026-04-23T08:28:14Z] [iter=17] HEARTBEAT target_type=call_site elapsed_min=40.5 files_done=2 resolved=0 errors=397 current=servicetalk-concurrent-internal/src/test/java/io/servicetalk/concurrent/internal/SequentialCancellableTest.java
[2026-04-23T08:28:45Z] [iter=17] HEARTBEAT target_type=call_site elapsed_min=41.0 files_done=3 resolved=0 errors=403 current=servicetalk-opentracing-inmemory/src/main/java/io/servicetalk/opentracing/inmemory/CopyOnWriteInMemorySpanEventListenerSet.java
[2026-04-23T08:31:23Z] [iter=17] HEARTBEAT target_type=call_site elapsed_min=43.7 files_done=4 resolved=8 errors=433 current=servicetalk-http-netty/src/test/java/io/servicetalk/http/netty/ExecutionStrategyInContextTest.java
[2026-04-23T08:40:41Z] [iter=17] HEARTBEAT target_type=call_site elapsed_min=53.0 files_done=5 resolved=8 errors=541 current=servicetalk-http-router-predicate/src/test/java/io/servicetalk/http/router/predicate/HttpPredicateRouterBuilderHeaderTest.java
[2026-04-23T08:42:27Z] [iter=17] HEARTBEAT target_type=call_site elapsed_min=54.7 files_done=6 resolved=12 errors=561 current=servicetalk-concurrent-api/src/test/java/io/servicetalk/concurrent/api/CollectingPublisherSubscriberTest.java
[2026-04-23T08:44:52Z] [iter=17] HEARTBEAT target_type=call_site elapsed_min=57.2 files_done=7 resolved=12 errors=589 current=servicetalk-transport-api/src/test/java/io/servicetalk/transport/api/ConnectionAcceptorTest.java
[2026-04-23T08:46:57Z] [iter=17] HEARTBEAT target_type=call_site elapsed_min=59.2 files_done=8 resolved=12 errors=613 current=servicetalk-concurrent-api-internal/src/test/java/io/servicetalk/concurrent/api/publisher/PublishAndSubscribeOnTest.java
[2026-04-23T08:50:34Z] [iter=17] HEARTBEAT target_type=call_site elapsed_min=62.8 files_done=9 resolved=12 errors=655 current=servicetalk-buffer-netty/src/main/java/io/servicetalk/buffer/netty/NettyBuffer.java
[2026-04-23T09:06:24Z] [iter=17] HEARTBEAT target_type=call_site elapsed_min=78.7 files_done=10 resolved=12 errors=839 current=servicetalk-concurrent-api/src/test/java/io/servicetalk/concurrent/api/TestCompletableTest.java
[2026-04-23T09:08:23Z] [iter=17] HEARTBEAT target_type=call_site elapsed_min=80.7 files_done=11 resolved=12 errors=862 current=servicetalk-concurrent-api/src/test/java/io/servicetalk/concurrent/api/ResumeCompletableTest.java
[2026-04-23T09:10:43Z] [iter=17] HEARTBEAT target_type=call_site elapsed_min=83.0 files_done=12 resolved=12 errors=889 current=servicetalk-concurrent-internal/src/main/java/io/servicetalk/concurrent/internal/ThreadBasedSignalOffloader.java
[2026-04-23T09:22:37Z] [iter=17] HEARTBEAT target_type=call_site elapsed_min=94.9 files_done=13 resolved=24 errors=1027 current=servicetalk-redis-netty/src/test/java/io/servicetalk/redis/netty/LoadBalancedRedisConnectionTest.java
[2026-04-23T09:23:29Z] [iter=17] HEARTBEAT target_type=call_site elapsed_min=95.8 files_done=14 resolved=24 errors=1037 current=servicetalk-http-api/src/main/java/io/servicetalk/http/api/StreamingHttpClientToHttpClient.java
[2026-04-23T09:25:54Z] [iter=17] HEARTBEAT target_type=call_site elapsed_min=98.2 files_done=15 resolved=26 errors=1065 current=servicetalk-http-netty/src/test/java/io/servicetalk/http/netty/TestServiceStreaming.java
[2026-04-23T09:32:17Z] [iter=17] HEARTBEAT target_type=call_site elapsed_min=104.6 files_done=16 resolved=31 errors=1139 current=servicetalk-concurrent-api-internal/src/main/java/io/servicetalk/concurrent/api/internal/SpScPublisherProcessor.java
[2026-04-23T09:36:09Z] [iter=17] HEARTBEAT target_type=call_site elapsed_min=108.4 files_done=17 resolved=34 errors=1184 current=servicetalk-buffer-netty/src/main/java/io/servicetalk/buffer/netty/WrappedBuffer.java
[2026-04-23T09:48:23Z] [iter=17] HEARTBEAT target_type=call_site elapsed_min=120.7 files_done=18 resolved=35 errors=1326 current=servicetalk-client-api/src/main/java/io/servicetalk/client/api/DefaultClientGroup.java
[2026-04-23T09:49:51Z] [iter=17] HEARTBEAT target_type=call_site elapsed_min=122.1 files_done=19 resolved=38 errors=1343 current=servicetalk-concurrent-api/src/testFixtures/java/io/servicetalk/concurrent/api/LegacyTestSingle.java
[2026-04-23T09:51:15Z] [iter=17] HEARTBEAT target_type=call_site elapsed_min=123.5 files_done=20 resolved=38 errors=1359 current=servicetalk-http-netty/src/test/java/io/servicetalk/http/netty/BasicAuthStrategyInfluencerTest.java
[2026-04-23T09:55:13Z] [iter=17] HEARTBEAT target_type=call_site elapsed_min=127.5 files_done=21 resolved=43 errors=1405 current=servicetalk-concurrent-api/src/test/java/io/servicetalk/concurrent/api/publisher/AbstractWhenRequestTest.java
[2026-04-23T09:57:17Z] [iter=17] HEARTBEAT target_type=call_site elapsed_min=129.6 files_done=22 resolved=43 errors=1429 current=servicetalk-redis-netty/src/main/java/io/servicetalk/redis/netty/AbstractRedisConnection.java
[2026-04-23T10:00:29Z] [iter=17] HEARTBEAT target_type=call_site elapsed_min=132.8 files_done=23 resolved=44 errors=1466 current=servicetalk-http-api/src/main/java/io/servicetalk/http/api/TrailersHolder.java
[2026-04-23T10:01:10Z] [iter=17] HEARTBEAT target_type=call_site elapsed_min=133.4 files_done=24 resolved=44 errors=1474 current=servicetalk-http-netty/src/test/java/io/servicetalk/http/netty/AbstractEchoServerBasedHttpRequesterTest.java
[2026-04-23T10:04:22Z] [iter=17] HEARTBEAT target_type=call_site elapsed_min=136.6 files_done=25 resolved=45 errors=1511 current=servicetalk-transport-netty/src/main/java/io/servicetalk/transport/netty/IoThreadFactory.java
[2026-04-23T10:04:54Z] [iter=17] HEARTBEAT target_type=call_site elapsed_min=137.2 files_done=26 resolved=51 errors=1517 current=servicetalk-concurrent-api/src/test/java/io/servicetalk/concurrent/api/publisher/RetryWhenTest.java
[2026-04-23T10:11:48Z] [iter=17] HEARTBEAT target_type=call_site elapsed_min=144.1 files_done=27 resolved=51 errors=1597 current=servicetalk-http-api/src/main/java/io/servicetalk/http/api/BlockingToStreamingService.java
[2026-04-23T10:14:08Z] [iter=17] HEARTBEAT target_type=call_site elapsed_min=146.4 files_done=29 resolved=57 errors=1624 current=servicetalk-concurrent-api/src/main/java/io/servicetalk/concurrent/api/MulticastUtils.java
[2026-04-23T10:21:04Z] [iter=17] HEARTBEAT target_type=call_site elapsed_min=153.3 files_done=30 resolved=65 errors=1704 current=servicetalk-concurrent-api/src/test/java/io/servicetalk/concurrent/api/single/SubscribeShareContextTest.java
[2026-04-23T10:22:12Z] [iter=17] HEARTBEAT target_type=call_site elapsed_min=154.5 files_done=32 resolved=65 errors=1717 current=servicetalk-concurrent-internal/src/main/java/io/servicetalk/concurrent/internal/ReflectionUtil.java
[2026-04-23T10:25:14Z] [iter=17] HEARTBEAT target_type=call_site elapsed_min=157.5 files_done=34 resolved=73 errors=1752 current=servicetalk-http-netty/src/main/java/io/servicetalk/http/netty/H2ToStH1ClientDuplexHandler.java
[2026-04-23T10:29:53Z] [iter=17] HEARTBEAT target_type=call_site elapsed_min=162.2 files_done=35 resolved=73 errors=1806 current=servicetalk-concurrent-api/src/main/java/io/servicetalk/concurrent/api/NeverPublisher.java
[2026-04-23T10:43:08Z] [iter=17] HEARTBEAT target_type=call_site elapsed_min=175.4 files_done=37 resolved=88 errors=1957 current=servicetalk-opentracing-http/src/test/java/io/servicetalk/opentracing/http/TracingHttpRequesterFilterTest.java
[2026-04-23T10:48:05Z] [iter=17] HEARTBEAT target_type=call_site elapsed_min=180.4 files_done=38 resolved=91 errors=2014 current=servicetalk-buffer-api/src/test/java/io/servicetalk/buffer/api/ReadOnlyByteBufferTest.java
[2026-04-23T10:50:56Z] [iter=17] HEARTBEAT target_type=call_site elapsed_min=183.2 files_done=39 resolved=93 errors=2047 current=servicetalk-http-router-jersey/src/testFixtures/java/io/servicetalk/http/router/jersey/CharSequenceUtilTest.java
[2026-04-23T11:24:24Z] [iter=17] HEARTBEAT target_type=call_site elapsed_min=216.7 files_done=41 resolved=94 errors=2434 current=servicetalk-benchmarks/src/jmh/java/io/servicetalk/redis/netty/RedisDecoderBenchmark.java
[2026-04-23T11:25:37Z] [iter=17] HEARTBEAT target_type=call_site elapsed_min=217.9 files_done=42 resolved=97 errors=2448 current=servicetalk-concurrent-api/src/test/java/io/servicetalk/concurrent/api/CompositeCancellableTest.java
[2026-04-23T11:26:13Z] [iter=17] HEARTBEAT target_type=call_site elapsed_min=218.5 files_done=43 resolved=97 errors=2455 current=servicetalk-http-router-jersey/src/testFixtures/java/io/servicetalk/http/router/jersey/CancellationTest.java
[2026-04-23T11:32:05Z] [iter=17] HEARTBEAT target_type=call_site elapsed_min=224.4 files_done=44 resolved=102 errors=2523 current=servicetalk-concurrent-api/src/test/java/io/servicetalk/concurrent/api/completable/AbstractWhenSubscriberTest.java
[2026-04-23T11:32:36Z] [iter=17] HEARTBEAT target_type=call_site elapsed_min=224.9 files_done=45 resolved=102 errors=2529 current=servicetalk-concurrent-api/src/main/java/io/servicetalk/concurrent/api/Single.java
[2026-04-23T11:36:19Z] [iter=17] HEARTBEAT target_type=call_site elapsed_min=228.6 files_done=46 resolved=113 errors=2572 current=servicetalk-concurrent-api/src/test/java/io/servicetalk/concurrent/api/completable/AfterCompleteTest.java
[2026-04-23T11:38:19Z] [iter=17] HEARTBEAT target_type=call_site elapsed_min=230.6 files_done=48 resolved=114 errors=2595 current=servicetalk-redis-api/src/main/java/io/servicetalk/redis/api/DefaultPubSubRedisConnection.java
[2026-04-23T11:39:42Z] [iter=17] HEARTBEAT target_type=call_site elapsed_min=232.0 files_done=49 resolved=119 errors=2611 current=servicetalk-concurrent-api/src/main/java/io/servicetalk/concurrent/api/PublishAndSubscribeOnPublishers.java
[2026-04-23T11:41:30Z] [iter=17] HEARTBEAT target_type=call_site elapsed_min=233.8 files_done=50 resolved=119 errors=2632 current=servicetalk-transport-netty-internal/src/test/java/io/servicetalk/transport/netty/internal/DefaultNettyPipelinedConnectionTest.java
[2026-04-23T11:47:54Z] [iter=17] CHECKPOINT TRIGGERED elapsed_min=240.2 files_completed=252 new_files_this_iter=50 mem_mb=2829 MB
[2026-04-23T11:47:54Z] [iter=17] Writing partial enrichment graph path=/home/runner/work/forx/forx/storage/aggregate/lsp/0d10ab15e5401f900f1af4c27e620827b4a426c0.nq.gz triples=275143
[2026-04-23T11:48:01Z] [iter=17] Checkpoint written, exiting with code 7
[2026-04-23T11:48:01Z] [iter=17] PHASE END: enrich (checkpointed) elapsed_s=14410 elapsed_min=240.2 files_completed=252
