[2026-04-23T12:01:55Z] === ENRICH ITERATION 18 START | repo=apple/servicetalk sha=0d10ab15 ===
[2026-04-23T12:01:55Z] [iter=18] PHASE START: enrich repo=apple/servicetalk sha=0d10ab15 runlog=/home/runner/work/forx/forx/storage/aggregate/lsp/logs/0d10ab15-enrich-iter-018.log output=/home/runner/work/forx/forx/storage/aggregate/lsp/0d10ab15e5401f900f1af4c27e620827b4a426c0.nq.gz
[2026-04-23T12:01:55Z] [iter=18] Step 1: Loading AST into disk-backed store mem_mb=77 MB
[2026-04-23T12:04:15Z] [iter=18] AST store loaded triples=12619635 load_secs=135 mem_mb=1254 MB
[2026-04-23T12:04:15Z] [iter=18] Step 2: Finding LSP targets mem_mb=1254 MB
[2026-04-23T12:05:17Z] [iter=18] LSP targets found call_sites=115660 imports=17271 extends=572 implements=0 secs=61
[2026-04-23T12:05:29Z] [iter=18] Loaded checkpoint partial graph triples=275143
[2026-04-23T12:06:25Z] [iter=18] Step 2.7: Building position index (one-shot, shared across resolvers) mem_mb=1254 MB
[2026-04-23T12:07:40Z] [iter=18] Position index built positions=855277 nodes_with_types=1073943 secs=75 mem_mb=3036 MB
[2026-04-23T12:07:40Z] [iter=18] Step 3: Starting LSP resolution mem_mb=3036 MB already_completed_types=[] already_completed_files=252
[2026-04-23T12:07:40Z] [iter=18] Resolving target type target_type=call_site count=115660
[2026-04-23T12:07:48Z] [iter=18] HEARTBEAT target_type=call_site elapsed_min=5.9 files_done=0 resolved=0 errors=0 current=servicetalk-transport-netty-internal/src/test/java/io/servicetalk/transport/netty/internal/DefaultNettyPipelinedConnectionTest.java
[2026-04-23T12:15:33Z] [iter=18] HEARTBEAT target_type=call_site elapsed_min=13.6 files_done=1 resolved=0 errors=91 current=servicetalk-transport-netty-internal/src/main/java/io/servicetalk/transport/netty/internal/WriteStreamSubscriber.java
[2026-04-23T12:20:25Z] [iter=18] HEARTBEAT target_type=call_site elapsed_min=18.5 files_done=2 resolved=3 errors=148 current=servicetalk-concurrent-api/src/test/java/io/servicetalk/concurrent/api/PublisherFlatMapSingleTest.java
[2026-04-23T12:41:37Z] [iter=18] HEARTBEAT target_type=call_site elapsed_min=39.7 files_done=3 resolved=12 errors=396 current=servicetalk-buffer-netty/src/main/java/io/servicetalk/buffer/netty/NettyCompositeBuffer.java
[2026-04-23T12:47:48Z] [iter=18] HEARTBEAT target_type=call_site elapsed_min=45.9 files_done=5 resolved=12 errors=468 current=servicetalk-concurrent-api/src/test/java/io/servicetalk/concurrent/api/publisher/FromInMemoryPublisherAbstractTest.java
[2026-04-23T12:57:48Z] [iter=18] HEARTBEAT target_type=call_site elapsed_min=55.9 files_done=6 resolved=14 errors=585 current=servicetalk-http-netty/src/main/java/io/servicetalk/http/netty/HttpObjectEncoder.java
[2026-04-23T13:03:31Z] [iter=18] HEARTBEAT target_type=call_site elapsed_min=61.6 files_done=7 resolved=17 errors=652 current=servicetalk-concurrent-api-internal/src/test/java/io/servicetalk/concurrent/api/internal/SpScPublisherProcessorTest.java
[2026-04-23T13:08:49Z] [iter=18] HEARTBEAT target_type=call_site elapsed_min=66.9 files_done=8 resolved=27 errors=714 current=servicetalk-transport-netty-internal/src/test/java/io/servicetalk/transport/netty/internal/DefaultNettyConnectionTest.java
[2026-04-23T13:31:25Z] [iter=18] HEARTBEAT target_type=call_site elapsed_min=89.5 files_done=9 resolved=28 errors=979 current=servicetalk-http-api/src/main/java/io/servicetalk/http/api/FormUrlEncodedHttpSerializer.java
[2026-04-23T13:33:28Z] [iter=18] HEARTBEAT target_type=call_site elapsed_min=91.6 files_done=10 resolved=29 errors=1003 current=servicetalk-http-api/src/main/java/io/servicetalk/http/api/ReadOnlyHttpHeaders.java
[2026-04-23T13:37:49Z] [iter=18] HEARTBEAT target_type=call_site elapsed_min=95.9 files_done=11 resolved=35 errors=1054 current=servicetalk-concurrent-internal/src/main/java/io/servicetalk/concurrent/internal/ConcurrentTerminalSubscriber.java
[2026-04-23T13:39:16Z] [iter=18] HEARTBEAT target_type=call_site elapsed_min=97.4 files_done=12 resolved=37 errors=1071 current=servicetalk-buffer-netty/src/main/java/io/servicetalk/buffer/netty/BufferUtil.java
[2026-04-23T13:40:43Z] [iter=18] HEARTBEAT target_type=call_site elapsed_min=98.8 files_done=13 resolved=37 errors=1088 current=servicetalk-concurrent-api/src/test/java/io/servicetalk/concurrent/api/completable/CompletableToPublisherTest.java
[2026-04-23T13:44:13Z] [iter=18] HEARTBEAT target_type=call_site elapsed_min=102.3 files_done=14 resolved=49 errors=1129 current=servicetalk-http-api/src/main/java/io/servicetalk/http/api/DefaultStreamingHttpRequest.java
[2026-04-23T13:46:22Z] [iter=18] HEARTBEAT target_type=call_site elapsed_min=104.4 files_done=15 resolved=53 errors=1154 current=servicetalk-http-api/src/test/java/io/servicetalk/http/api/BlockingStreamingHttpClientTest.java
[2026-04-23T13:47:03Z] [iter=18] HEARTBEAT target_type=call_site elapsed_min=105.1 files_done=16 resolved=54 errors=1162 current=servicetalk-log4j2-mdc-utils/src/testFixtures/java/io/servicetalk/log4j2/mdc/utils/LoggerStringWriter.java
[2026-04-23T13:49:27Z] [iter=18] HEARTBEAT target_type=call_site elapsed_min=107.5 files_done=17 resolved=67 errors=1190 current=servicetalk-examples/src/main/java/io/servicetalk/examples/http/service/composition/backends/RecommendationBackend.java
[2026-04-23T13:51:41Z] [iter=18] HEARTBEAT target_type=call_site elapsed_min=109.8 files_done=18 resolved=71 errors=1216 current=servicetalk-concurrent-api/src/test/java/io/servicetalk/concurrent/api/CompletableMergeWithPublisherTest.java
[2026-04-23T14:02:15Z] [iter=18] HEARTBEAT target_type=call_site elapsed_min=120.3 files_done=19 resolved=75 errors=1340 current=servicetalk-http-netty/src/test/java/io/servicetalk/http/netty/HttpOffloadingTest.java
[2026-04-23T14:11:39Z] [iter=18] HEARTBEAT target_type=call_site elapsed_min=129.7 files_done=20 resolved=121 errors=1450 current=servicetalk-concurrent-api/src/test/java/io/servicetalk/concurrent/api/single/CollectTest.java
[2026-04-23T14:13:53Z] [iter=18] HEARTBEAT target_type=call_site elapsed_min=132.0 files_done=21 resolved=126 errors=1476 current=servicetalk-http-api/src/main/java/io/servicetalk/http/api/ConditionalHttpServiceFilter.java
[2026-04-23T14:14:24Z] [iter=18] HEARTBEAT target_type=call_site elapsed_min=132.5 files_done=22 resolved=126 errors=1482 current=servicetalk-buffer-api/src/main/java/io/servicetalk/buffer/api/AbstractBuffer.java
[2026-04-23T14:26:16Z] [iter=18] HEARTBEAT target_type=call_site elapsed_min=144.3 files_done=23 resolved=140 errors=1621 current=servicetalk-http-router-predicate/src/main/java/io/servicetalk/http/router/predicate/Predicates.java
[2026-04-23T14:28:14Z] [iter=18] HEARTBEAT target_type=call_site elapsed_min=146.3 files_done=24 resolved=152 errors=1644 current=servicetalk-http-api/src/test/java/io/servicetalk/http/api/DefaultHttpExecutionStrategyMergeTest.java
[2026-04-23T14:35:30Z] [iter=18] HEARTBEAT target_type=call_site elapsed_min=153.6 files_done=25 resolved=152 errors=1729 current=servicetalk-client-api/src/main/java/io/servicetalk/client/api/AbstractRetryingFilterBuilder.java
[2026-04-23T14:37:23Z] [iter=18] HEARTBEAT target_type=call_site elapsed_min=155.5 files_done=26 resolved=154 errors=1751 current=servicetalk-http-netty/src/main/java/io/servicetalk/http/netty/HttpObjectDecoder.java
[2026-04-23T14:51:55Z] [iter=18] HEARTBEAT target_type=call_site elapsed_min=170.0 files_done=27 resolved=163 errors=1921 current=servicetalk-redis-netty/src/main/java/io/servicetalk/redis/netty/ReadStreamSplitter.java
[2026-04-23T14:58:35Z] [iter=18] HEARTBEAT target_type=call_site elapsed_min=176.7 files_done=28 resolved=168 errors=1999 current=servicetalk-concurrent-api/src/main/java/io/servicetalk/concurrent/api/CopyOnWriteExecutorPluginSet.java
[2026-04-23T15:00:18Z] [iter=18] HEARTBEAT target_type=call_site elapsed_min=178.4 files_done=29 resolved=172 errors=2019 current=servicetalk-concurrent-api-internal/src/main/java/io/servicetalk/concurrent/api/internal/ConnectablePayloadWriter.java
[2026-04-23T15:03:53Z] [iter=18] HEARTBEAT target_type=call_site elapsed_min=182.0 files_done=30 resolved=182 errors=2061 current=servicetalk-http-netty/src/test/java/io/servicetalk/http/netty/MultiAddressUrlHttpClientSslTest.java
[2026-04-23T15:07:44Z] [iter=18] HEARTBEAT target_type=call_site elapsed_min=185.8 files_done=31 resolved=185 errors=2106 current=servicetalk-http-api/src/test/java/io/servicetalk/http/api/FormUrlEncodedHttpSerializerTest.java
[2026-04-23T15:08:56Z] [iter=18] HEARTBEAT target_type=call_site elapsed_min=187.0 files_done=32 resolved=191 errors=2120 current=servicetalk-concurrent-api/src/test/java/io/servicetalk/concurrent/api/publisher/AbstractWhenFinallyTest.java
[2026-04-23T15:14:39Z] [iter=18] HEARTBEAT target_type=call_site elapsed_min=192.7 files_done=33 resolved=191 errors=2187 current=servicetalk-examples/src/main/java/io/servicetalk/examples/http/service/composition/GatewayServer.java
[2026-04-23T15:16:41Z] [iter=18] HEARTBEAT target_type=call_site elapsed_min=194.8 files_done=34 resolved=194 errors=2211 current=servicetalk-transport-netty-internal/src/testFixtures/java/io/servicetalk/transport/netty/internal/ExecutionContextRule.java
[2026-04-23T15:18:13Z] [iter=18] HEARTBEAT target_type=call_site elapsed_min=196.3 files_done=35 resolved=195 errors=2229 current=servicetalk-opentracing-inmemory/src/main/java/io/servicetalk/opentracing/inmemory/DefaultInMemorySpanContext.java
[2026-04-23T15:22:19Z] [iter=18] HEARTBEAT target_type=call_site elapsed_min=200.4 files_done=37 resolved=201 errors=2277 current=servicetalk-redis-netty/src/test/java/io/servicetalk/redis/netty/PartitionedRedisClientTest.java
[2026-04-23T15:25:18Z] [iter=18] HEARTBEAT target_type=call_site elapsed_min=203.4 files_done=38 resolved=202 errors=2312 current=servicetalk-concurrent-api/src/test/java/io/servicetalk/concurrent/api/RepeatStrategiesTest.java
[2026-04-23T15:27:32Z] [iter=18] HEARTBEAT target_type=call_site elapsed_min=205.6 files_done=39 resolved=208 errors=2338 current=servicetalk-http-netty/src/test/java/io/servicetalk/http/netty/ContentLengthTest.java
[2026-04-23T15:31:17Z] [iter=18] HEARTBEAT target_type=call_site elapsed_min=209.4 files_done=40 resolved=208 errors=2382 current=servicetalk-transport-netty-internal/src/test/java/io/servicetalk/transport/netty/internal/FlushStrategiesTest.java
[2026-04-23T15:36:39Z] [iter=18] HEARTBEAT target_type=call_site elapsed_min=214.7 files_done=41 resolved=208 errors=2445 current=servicetalk-concurrent-api-internal/src/main/java/io/servicetalk/concurrent/api/internal/ConnectableBufferOutputStream.java
[2026-04-23T15:37:30Z] [iter=18] HEARTBEAT target_type=call_site elapsed_min=215.6 files_done=42 resolved=209 errors=2455 current=servicetalk-redis-netty/src/main/java/io/servicetalk/redis/netty/AbstractLBRedisConnectionFactory.java
[2026-04-23T15:39:34Z] [iter=18] HEARTBEAT target_type=call_site elapsed_min=217.6 files_done=44 resolved=210 errors=2479 current=servicetalk-http-api/src/main/java/io/servicetalk/http/api/DefaultBlockingStreamingHttpRequest.java
[2026-04-23T15:41:11Z] [iter=18] HEARTBEAT target_type=call_site elapsed_min=219.3 files_done=45 resolved=214 errors=2498 current=servicetalk-concurrent-api/src/test/java/io/servicetalk/concurrent/api/ConcurrentUtilsTest.java
[2026-04-23T15:44:22Z] [iter=18] HEARTBEAT target_type=call_site elapsed_min=222.4 files_done=46 resolved=217 errors=2535 current=servicetalk-http-utils/src/main/java/io/servicetalk/http/utils/RedirectSingle.java
[2026-04-23T15:49:05Z] [iter=18] HEARTBEAT target_type=call_site elapsed_min=227.2 files_done=47 resolved=220 errors=2590 current=servicetalk-http-utils/src/test/java/io/servicetalk/http/utils/RedirectingHttpRequesterFilterTest.java
[2026-04-23T16:02:15Z] [iter=18] CHECKPOINT TRIGGERED elapsed_min=240.3 files_completed=299 new_files_this_iter=47 mem_mb=3072 MB
[2026-04-23T16:02:15Z] [iter=18] Writing partial enrichment graph path=/home/runner/work/forx/forx/storage/aggregate/lsp/0d10ab15e5401f900f1af4c27e620827b4a426c0.nq.gz triples=290489
[2026-04-23T16:02:22Z] [iter=18] Checkpoint written, exiting with code 7
[2026-04-23T16:02:22Z] [iter=18] PHASE END: enrich (checkpointed) elapsed_s=14420 elapsed_min=240.3 files_completed=299
