[2026-04-23T23:19:54Z] === ENRICH ITERATION 5 START | repo=apple/servicetalk sha=1ba85e3f ===
[2026-04-23T23:19:54Z] [iter=5] PHASE START: enrich repo=apple/servicetalk sha=1ba85e3f runlog=/home/runner/work/forx/forx/storage/aggregate/lsp/logs/1ba85e3f-enrich-iter-005.log output=/home/runner/work/forx/forx/storage/aggregate/lsp/1ba85e3ff538d862a7bd4389f8753a4f066d2642.nq.gz
[2026-04-23T23:19:54Z] [iter=5] Step 1: Loading AST into disk-backed store mem_mb=77 MB
[2026-04-23T23:22:26Z] [iter=5] AST store loaded triples=12832151 load_secs=147 mem_mb=1235 MB
[2026-04-23T23:22:26Z] [iter=5] Step 2: Finding LSP targets mem_mb=1235 MB
[2026-04-23T23:23:30Z] [iter=5] LSP targets found call_sites=125060 imports=31874 extends=811 implements=0 secs=64
[2026-04-23T23:23:41Z] [iter=5] Loaded checkpoint partial graph triples=220307
[2026-04-23T23:24:42Z] [iter=5] Step 2.7: Building position index (one-shot, shared across resolvers) mem_mb=1235 MB
[2026-04-23T23:26:15Z] [iter=5] Position index built positions=838798 nodes_with_types=1116547 secs=93 mem_mb=2907 MB
[2026-04-23T23:26:15Z] [iter=5] Step 3: Starting LSP resolution mem_mb=2907 MB already_completed_types=[] already_completed_files=2000
[2026-04-23T23:26:15Z] [iter=5] Resolving target type target_type=call_site count=125060
[2026-04-23T23:26:29Z] [iter=5] HEARTBEAT target_type=call_site elapsed_min=6.6 files_done=0 resolved=0 errors=0 current=servicetalk-concurrent-api-test/src/main/java/io/servicetalk/concurrent/api/test/DefaultModifiableTimeSource.java
[2026-04-23T23:26:30Z] [iter=5] Target type resolved target_type=call_site resolved=0 errors=0 secs=15 mem_mb=2907 MB
[2026-04-23T23:26:30Z] [iter=5] Resolving target type target_type=import_statement count=31874
[2026-04-23T23:26:38Z] [iter=5] Target type resolved target_type=import_statement resolved=0 errors=0 secs=8 mem_mb=2908 MB
[2026-04-23T23:26:38Z] [iter=5] Resolving target type target_type=extends_clause count=811
[2026-04-23T23:26:44Z] [iter=5] Target type resolved target_type=extends_clause resolved=0 errors=0 secs=7 mem_mb=2908 MB
[2026-04-23T23:27:00Z] [iter=5] Step 5: Writing final enrichment file triples=222005
[2026-04-23T23:27:06Z] [iter=5] Enrichment file written path=/home/runner/work/forx/forx/storage/aggregate/lsp/1ba85e3ff538d862a7bd4389f8753a4f066d2642.nq.gz size_kb=6227
[2026-04-23T23:27:06Z] [iter=5] Checkpoint cleared (enrichment complete)
[2026-04-23T23:27:06Z] [iter=5] PHASE END: enrich elapsed_s=432 elapsed_min=7.2 total_triples=222005
